# JRE version: OpenJDK Runtime Environment (7.0_65-b32) (build 1.7.0_65-b32)
# Java VM: OpenJDK 64-Bit Server VM (24.65-b04 mixed mode linux-amd64 compressed oops)
Heap
 PSYoungGen      total 73216K, used 5104K [0x00000000f2200000, 0x00000000f6f00000, 0x0000000100000000)
  eden space 68096K, 0% used [0x00000000f2200000,0x00000000f2200000,0x00000000f6480000)
  from space 5120K, 99% used [0x00000000f6480000,0x00000000f697c020,0x00000000f6980000)
  to   space 4608K, 0% used [0x00000000f6980000,0x00000000f6980000,0x00000000f6e00000)
 ParOldGen       total 20992K, used 11018K [0x00000000d6600000, 0x00000000d7a80000, 0x00000000f2200000)
  object space 20992K, 52% used [0x00000000d6600000,0x00000000d70c2908,0x00000000d7a80000)
 PSPermGen       total 21504K, used 17860K [0x00000000cc000000, 0x00000000cd500000, 0x00000000d6600000)
  object space 21504K, 83% used [0x00000000cc000000,0x00000000cd171048,0x00000000cd500000)
GC Heap History (10 events):
Event: 10.109 GC heap after
Heap after GC invocations=4 (full 0):
 PSYoungGen      total 18432K, used 992K [0x00000000f2200000, 0x00000000f3500000, 0x0000000100000000)
  eden space 17408K, 0% used [0x00000000f2200000,0x00000000f2200000,0x00000000f3300000)
  from space 1024K, 96% used [0x00000000f3400000,0x00000000f34f8020,0x00000000f3500000)
  to   space 1024K, 0% used [0x00000000f3300000,0x00000000f3300000,0x00000000f3400000)
 ParOldGen       total 20992K, used 3697K [0x00000000d6600000, 0x00000000d7a80000, 0x00000000f2200000)
  object space 20992K, 17% used [0x00000000d6600000,0x00000000d699c748,0x00000000d7a80000)
 PSPermGen       total 21504K, used 8226K [0x00000000cc000000, 0x00000000cd500000, 0x00000000d6600000)
  object space 21504K, 38% used [0x00000000cc000000,0x00000000cc808820,0x00000000cd500000)
}
Event: 12.045 GC heap before
{Heap before GC invocations=5 (full 0):
 PSYoungGen      total 18432K, used 18400K [0x00000000f2200000, 0x00000000f3500000, 0x0000000100000000)
  eden space 17408K, 100% used [0x00000000f2200000,0x00000000f3300000,0x00000000f3300000)
  from space 1024K, 96% used [0x00000000f3400000,0x00000000f34f8020,0x00000000f3500000)
  to   space 1024K, 0% used [0x00000000f3300000,0x00000000f3300000,0x00000000f3400000)
 ParOldGen       total 20992K, used 3697K [0x00000000d6600000, 0x00000000d7a80000, 0x00000000f2200000)
  object space 20992K, 17% used [0x00000000d6600000,0x00000000d699c748,0x00000000d7a80000)
 PSPermGen       total 21504K, used 10154K [0x00000000cc000000, 0x00000000cd500000, 0x00000000d6600000)
  object space 21504K, 47% used [0x00000000cc000000,0x00000000cc9eab78,0x00000000cd500000)
Event: 12.070 GC heap after
Heap after GC invocations=5 (full 0):
 PSYoungGen      total 18432K, used 1024K [0x00000000f2200000, 0x00000000f4a00000, 0x0000000100000000)
  eden space 17408K, 0% used [0x00000000f2200000,0x00000000f2200000,0x00000000f3300000)
  from space 1024K, 100% used [0x00000000f3300000,0x00000000f3400000,0x00000000f3400000)
  to   space 3072K, 0% used [0x00000000f4700000,0x00000000f4700000,0x00000000f4a00000)
 ParOldGen       total 20992K, used 5440K [0x00000000d6600000, 0x00000000d7a80000, 0x00000000f2200000)
  object space 20992K, 25% used [0x00000000d6600000,0x00000000d6b50198,0x00000000d7a80000)
 PSPermGen       total 21504K, used 10154K [0x00000000cc000000, 0x00000000cd500000, 0x00000000d6600000)
  object space 21504K, 47% used [0x00000000cc000000,0x00000000cc9eab78,0x00000000cd500000)
}
Event: 13.962 GC heap before
{Heap before GC invocations=6 (full 0):
 PSYoungGen      total 18432K, used 18432K [0x00000000f2200000, 0x00000000f4a00000, 0x0000000100000000)
  eden space 17408K, 100% used [0x00000000f2200000,0x00000000f3300000,0x00000000f3300000)
  from space 1024K, 100% used [0x00000000f3300000,0x00000000f3400000,0x00000000f3400000)
  to   space 3072K, 0% used [0x00000000f4700000,0x00000000f4700000,0x00000000f4a00000)
 ParOldGen       total 20992K, used 5440K [0x00000000d6600000, 0x00000000d7a80000, 0x00000000f2200000)
  object space 20992K, 25% used [0x00000000d6600000,0x00000000d6b50198,0x00000000d7a80000)
 PSPermGen       total 21504K, used 11915K [0x00000000cc000000, 0x00000000cd500000, 0x00000000d6600000)
  object space 21504K, 55% used [0x00000000cc000000,0x00000000ccba2c30,0x00000000cd500000)
Event: 13.984 GC heap after
Heap after GC invocations=6 (full 0):
 PSYoungGen      total 37376K, used 2799K [0x00000000f2200000, 0x00000000f4b00000, 0x0000000100000000)
  eden space 34304K, 0% used [0x00000000f2200000,0x00000000f2200000,0x00000000f4380000)
  from space 3072K, 91% used [0x00000000f4700000,0x00000000f49bbf40,0x00000000f4a00000)
  to   space 3584K, 0% used [0x00000000f4380000,0x00000000f4380000,0x00000000f4700000)
 ParOldGen       total 20992K, used 5440K [0x00000000d6600000, 0x00000000d7a80000, 0x00000000f2200000)
  object space 20992K, 25% used [0x00000000d6600000,0x00000000d6b50198,0x00000000d7a80000)
 PSPermGen       total 21504K, used 11915K [0x00000000cc000000, 0x00000000cd500000, 0x00000000d6600000)
  object space 21504K, 55% used [0x00000000cc000000,0x00000000ccba2c30,0x00000000cd500000)
}
Event: 19.389 GC heap before
{Heap before GC invocations=7 (full 0):
 PSYoungGen      total 37376K, used 37103K [0x00000000f2200000, 0x00000000f4b00000, 0x0000000100000000)
  eden space 34304K, 100% used [0x00000000f2200000,0x00000000f4380000,0x00000000f4380000)
  from space 3072K, 91% used [0x00000000f4700000,0x00000000f49bbf40,0x00000000f4a00000)
  to   space 3584K, 0% used [0x00000000f4380000,0x00000000f4380000,0x00000000f4700000)
 ParOldGen       total 20992K, used 5440K [0x00000000d6600000, 0x00000000d7a80000, 0x00000000f2200000)
  object space 20992K, 25% used [0x00000000d6600000,0x00000000d6b50198,0x00000000d7a80000)
 PSPermGen       total 21504K, used 14068K [0x00000000cc000000, 0x00000000cd500000, 0x00000000d6600000)
  object space 21504K, 65% used [0x00000000cc000000,0x00000000ccdbd3c8,0x00000000cd500000)
Event: 19.421 GC heap after
Heap after GC invocations=7 (full 0):
 PSYoungGen      total 37888K, used 3571K [0x00000000f2200000, 0x00000000f6e00000, 0x0000000100000000)
  eden space 34304K, 0% used [0x00000000f2200000,0x00000000f2200000,0x00000000f4380000)
  from space 3584K, 99% used [0x00000000f4380000,0x00000000f46fcc38,0x00000000f4700000)
  to   space 4608K, 0% used [0x00000000f6980000,0x00000000f6980000,0x00000000f6e00000)
 ParOldGen       total 20992K, used 6753K [0x00000000d6600000, 0x00000000d7a80000, 0x00000000f2200000)
  object space 20992K, 32% used [0x00000000d6600000,0x00000000d6c987e0,0x00000000d7a80000)
 PSPermGen       total 21504K, used 14068K [0x00000000cc000000, 0x00000000cd500000, 0x00000000d6600000)
  object space 21504K, 65% used [0x00000000cc000000,0x00000000ccdbd3c8,0x00000000cd500000)
}
Event: 22.101 GC heap before
{Heap before GC invocations=8 (full 0):
 PSYoungGen      total 37888K, used 37875K [0x00000000f2200000, 0x00000000f6e00000, 0x0000000100000000)
  eden space 34304K, 100% used [0x00000000f2200000,0x00000000f4380000,0x00000000f4380000)
  from space 3584K, 99% used [0x00000000f4380000,0x00000000f46fcc38,0x00000000f4700000)
  to   space 4608K, 0% used [0x00000000f6980000,0x00000000f6980000,0x00000000f6e00000)
 ParOldGen       total 20992K, used 6753K [0x00000000d6600000, 0x00000000d7a80000, 0x00000000f2200000)
  object space 20992K, 32% used [0x00000000d6600000,0x00000000d6c987e0,0x00000000d7a80000)
 PSPermGen       total 21504K, used 14138K [0x00000000cc000000, 0x00000000cd500000, 0x00000000d6600000)
  object space 21504K, 65% used [0x00000000cc000000,0x00000000ccdce928,0x00000000cd500000)
Event: 22.125 GC heap after
Heap after GC invocations=8 (full 0):
 PSYoungGen      total 72704K, used 4480K [0x00000000f2200000, 0x00000000f6f00000, 0x0000000100000000)
  eden space 68096K, 0% used [0x00000000f2200000,0x00000000f2200000,0x00000000f6480000)
  from space 4608K, 97% used [0x00000000f6980000,0x00000000f6de0000,0x00000000f6e00000)
  to   space 5120K, 0% used [0x00000000f6480000,0x00000000f6480000,0x00000000f6980000)
 ParOldGen       total 20992K, used 6985K [0x00000000d6600000, 0x00000000d7a80000, 0x00000000f2200000)
  object space 20992K, 33% used [0x00000000d6600000,0x00000000d6cd27e0,0x00000000d7a80000)
 PSPermGen       total 21504K, used 14138K [0x00000000cc000000, 0x00000000cd500000, 0x00000000d6600000)
  object space 21504K, 65% used [0x00000000cc000000,0x00000000ccdce928,0x00000000cd500000)
}
Event: 29.171 GC heap before
{Heap before GC invocations=9 (full 0):
 PSYoungGen      total 72704K, used 72576K [0x00000000f2200000, 0x00000000f6f00000, 0x0000000100000000)
  eden space 68096K, 100% used [0x00000000f2200000,0x00000000f6480000,0x00000000f6480000)
  from space 4608K, 97% used [0x00000000f6980000,0x00000000f6de0000,0x00000000f6e00000)
  to   space 5120K, 0% used [0x00000000f6480000,0x00000000f6480000,0x00000000f6980000)
 ParOldGen       total 20992K, used 6985K [0x00000000d6600000, 0x00000000d7a80000, 0x00000000f2200000)
  object space 20992K, 33% used [0x00000000d6600000,0x00000000d6cd27e0,0x00000000d7a80000)
 PSPermGen       total 21504K, used 17860K [0x00000000cc000000, 0x00000000cd500000, 0x00000000d6600000)
  object space 21504K, 83% used [0x00000000cc000000,0x00000000cd171048,0x00000000cd500000)

